**********************
Windows PowerShell トランスクリプト開始
開始時刻: 20260209113537
ユーザー名: EVER-AI\Ebarai
RunAs ユーザー: EVER-AI\Ebarai
構成名: 
コンピューター: EVER-AI (Microsoft Windows NT 10.0.22631.0)
ホスト アプリケーション: powershell -ExecutionPolicy Bypass -File ./scripts/diagnosis.ps1
プロセス ID: 21732
PSVersion: 5.1.22621.6133
PSEdition: Desktop
PSCompatibleVersions: 1.0, 2.0, 3.0, 4.0, 5.0, 5.1.22621.6133
BuildVersion: 10.0.22621.6133
CLRVersion: 4.0.30319.42000
WSManStackVersion: 3.0
PSRemotingProtocolVersion: 2.3
SerializationVersion: 1.1.0.1
**********************
トランスクリプトが開始されました。出力ファイル: C:\Users\BRB33\OneDrive\Desktop\Antigravity\japan-stock-prophet\scripts/../logs/diagnosis_20260209_113537.log
=== System Diagnosis Start ===
PS>終了エラー(Invoke-RestMethod): "リモート サーバーに接続できません。"
>> 終了エラー(Invoke-WebRequest): "リモート サーバーに接続できません。"
Port 3000: FREE
Port 8000: FREE
Backend Health: FAILED
Frontend Status: FAILED

結論: [a] 3000(フロント) 未起動
NEXT: npm run down && npm run up

隧ｳ邏ｰ繝ｭ繧ｰ: C:\Users\BRB33\OneDrive\Desktop\Antigravity\japan-stock-prophet\scripts/../logs/diagnosis_20260209_113537.log
**********************
Windows PowerShell トランスクリプト終了
終了時刻: 20260209113543
**********************
