**********************
Windows PowerShell transcript start
Start time: 20260209112045
Username: EVER-AI\Ebarai
RunAs User: EVER-AI\Ebarai
Configuration Name: 
Machine: EVER-AI (Microsoft Windows NT 10.0.22631.0)
Host Application: powershell -ExecutionPolicy Bypass -File ./scripts/stop.ps1
Process ID: 9892
PSVersion: 5.1.22621.6133
PSEdition: Desktop
PSCompatibleVersions: 1.0, 2.0, 3.0, 4.0, 5.0, 5.1.22621.6133
BuildVersion: 10.0.22621.6133
CLRVersion: 4.0.30319.42000
WSManStackVersion: 3.0
PSRemotingProtocolVersion: 2.3
SerializationVersion: 1.1.0.1
**********************
Transcript started, output file is C:\Users\BRB33\OneDrive\Desktop\Antigravity\japan-stock-prophet\scripts/../logs/down_20260209_112045.log
[20260209_112045] === Japan Stock Prophet: Application Shutdown (npm run down) ===
[20260209_112045] 1. Checking port 3000...
[20260209_112045] Cleaning up dangling processes for node...
[20260209_112045] Verifying port 3000 is released...
[20260209_112045] Port 3000 is FREE.
True
[20260209_112045] 1. Checking port 8000...
[20260209_112045] Verifying port 8000 is released...
[20260209_112045] Port 8000 is FREE.
True
[20260209_112045] 
=== SHUTDOWN COMPLETE ===
**********************
Windows PowerShell transcript end
End time: 20260209112046
**********************
