
> japan-stock-prophet@0.1.0 dev
> next dev

▲ Next.js 16.1.5 (Turbopack)
- Local:         http://localhost:3000
- Network:       http://192.168.0.26:3000
- Environments: .env.local

✓ Starting...
✓ Ready in 822ms
 POST /api/predict 200 in 520ms (compile: 178ms, render: 342ms)
 GET / 200 in 526ms (compile: 286ms, render: 241ms)
 GET /api/hot-picks 200 in 1251ms (compile: 25ms, render: 1226ms)
 POST /api/predict 200 in 1256ms (compile: 2ms, render: 1254ms)
 GET / 200 in 20ms (compile: 3ms, render: 17ms)
 POST /api/predict 200 in 439ms (compile: 1775µs, render: 437ms)
 POST /api/predict 200 in 1759ms (compile: 2ms, render: 1757ms)
 POST /api/predict 200 in 1192ms (compile: 3ms, render: 1189ms)
 POST /api/predict 200 in 873ms (compile: 1806µs, render: 871ms)
 POST /api/predict 200 in 892ms (compile: 1999µs, render: 890ms)
 POST /api/predict 200 in 694ms (compile: 1780µs, render: 692ms)
 GET / 200 in 27ms (compile: 4ms, render: 23ms)
 GET /api/hot-picks 200 in 2.6s (compile: 1988µs, render: 2.6s)
 POST /api/predict 200 in 2.1s (compile: 1315µs, render: 2.1s)
 POST /api/predict 200 in 2.1s (compile: 2ms, render: 2.1s)
 POST /api/predict 200 in 2.6s (compile: 1514µs, render: 2.6s)
 GET /api/hot-picks 200 in 1686ms (compile: 7ms, render: 1679ms)
 POST /api/predict 200 in 1689ms (compile: 3ms, render: 1686ms)
 GET /api/hot-picks 200 in 447ms (compile: 2ms, render: 445ms)
 POST /api/predict 200 in 1546ms (compile: 1759µs, render: 1545ms)
 POST /api/predict 200 in 817ms (compile: 2ms, render: 815ms)
 POST /api/predict 200 in 1940ms (compile: 2ms, render: 1938ms)
 POST /api/predict 200 in 613ms (compile: 1564µs, render: 611ms)
 POST /api/predict 200 in 1515ms (compile: 1563µs, render: 1513ms)
 POST /api/predict 200 in 860ms (compile: 1672µs, render: 858ms)
 POST /api/predict 200 in 1542ms (compile: 1872µs, render: 1541ms)
 POST /api/predict 200 in 965ms (compile: 3ms, render: 963ms)
 POST /api/predict 200 in 1322ms (compile: 1503µs, render: 1320ms)
 POST /api/predict 200 in 1110ms (compile: 1540µs, render: 1108ms)
 POST /api/predict 200 in 1202ms (compile: 1741µs, render: 1201ms)
 POST /api/predict 200 in 1455ms (compile: 1617µs, render: 1453ms)
 POST /api/predict 200 in 837ms (compile: 2ms, render: 835ms)
 POST /api/predict 200 in 1297ms (compile: 2ms, render: 1295ms)
 POST /api/predict 200 in 860ms (compile: 1477µs, render: 859ms)
 POST /api/predict 200 in 1027ms (compile: 2ms, render: 1024ms)
 POST /api/predict 200 in 956ms (compile: 1815µs, render: 954ms)
 POST /api/predict 200 in 958ms (compile: 1477µs, render: 956ms)
 POST /api/predict 200 in 1143ms (compile: 1570µs, render: 1141ms)
 POST /api/predict 200 in 797ms (compile: 2ms, render: 795ms)
 POST /api/predict 200 in 1609ms (compile: 1606µs, render: 1607ms)
 POST /api/predict 200 in 771ms (compile: 1415µs, render: 770ms)
 POST /api/predict 200 in 1267ms (compile: 3ms, render: 1264ms)
 POST /api/predict 200 in 9.0s (compile: 1292µs, render: 9.0s)
 POST /api/predict 200 in 577ms (compile: 1394µs, render: 575ms)
 POST /api/predict 200 in 1539ms (compile: 1513µs, render: 1538ms)
 POST /api/predict 200 in 803ms (compile: 1389µs, render: 801ms)
 POST /api/predict 200 in 2.1s (compile: 1527µs, render: 2.1s)
 POST /api/predict 200 in 1224ms (compile: 1930µs, render: 1222ms)
 POST /api/predict 200 in 1622ms (compile: 1729µs, render: 1621ms)
 POST /api/predict 200 in 995ms (compile: 1658µs, render: 993ms)
 POST /api/predict 200 in 1205ms (compile: 1544µs, render: 1203ms)
 POST /api/predict 200 in 1151ms (compile: 1371µs, render: 1150ms)
✓ Compiled in 17ms
 POST /api/predict 200 in 1129ms (compile: 3ms, render: 1126ms)
 POST /api/predict 200 in 955ms (compile: 1554µs, render: 954ms)
 POST /api/predict 200 in 1316ms (compile: 1459µs, render: 1315ms)
 POST /api/predict 200 in 1234ms (compile: 1589µs, render: 1232ms)
 POST /api/predict 200 in 1793ms (compile: 1379µs, render: 1792ms)
 POST /api/predict 200 in 1013ms (compile: 1968µs, render: 1011ms)
 POST /api/predict 200 in 1032ms (compile: 1403µs, render: 1030ms)
✓ Compiled in 310ms
 POST /api/predict 200 in 814ms (compile: 1541µs, render: 813ms)
 GET /api/hot-picks 200 in 817ms (compile: 5ms, render: 812ms)
 GET / 200 in 204ms (compile: 174ms, render: 29ms)
 GET / 200 in 143ms (compile: 121ms, render: 22ms)
 POST /api/predict 200 in 1369ms (compile: 1808µs, render: 1367ms)
[?25h
