
> japan-stock-prophet@0.1.0 dev
> next dev

▲ Next.js 16.1.5 (Turbopack)
- Local:         http://localhost:3000
- Network:       http://192.168.0.26:3000
- Environments: .env.local

✓ Starting...
✓ Ready in 965ms
 GET / 200 in 440ms (compile: 251ms, render: 189ms)
 GET /api/hot-picks 200 in 111ms (compile: 52ms, render: 59ms)
 POST /api/predict 200 in 1425ms (compile: 88ms, render: 1337ms)
 GET / 200 in 24ms (compile: 3ms, render: 20ms)
 POST /api/predict 200 in 379ms (compile: 1816µs, render: 377ms)
 POST /api/predict 200 in 767ms (compile: 2ms, render: 764ms)
 POST /api/predict 200 in 1080ms (compile: 1801µs, render: 1078ms)
 POST /api/predict 200 in 1111ms (compile: 1519µs, render: 1109ms)
 POST /api/predict 200 in 1137ms (compile: 1851µs, render: 1135ms)
 POST /api/predict 200 in 1038ms (compile: 4ms, render: 1034ms)
 POST /api/predict 200 in 887ms (compile: 1603µs, render: 885ms)
 POST /api/predict 200 in 1351ms (compile: 2ms, render: 1348ms)
 GET / 200 in 457ms (compile: 9ms, render: 448ms)
 GET / 200 in 458ms (compile: 29ms, render: 429ms)
 GET / 200 in 442ms (compile: 9ms, render: 433ms)
 GET / 200 in 431ms (compile: 30ms, render: 400ms)
 GET /dashboard 200 in 440ms (compile: 90ms, render: 350ms)
 GET /api/ops/metrics/latest 200 in 2.3s (compile: 64ms, render: 2.3s)
 POST /api/predict 200 in 2.3s (compile: 12ms, render: 2.3s)
 GET /api/ops/metrics/history 200 in 2.3s (compile: 177ms, render: 2.2s)
 POST /api/predict 200 in 2.3s (compile: 17ms, render: 2.3s)
 GET /api/hot-picks 200 in 2.3s (compile: 26ms, render: 2.3s)
 GET /api/analytics/market-phases 200 in 2.4s (compile: 157ms, render: 2.2s)
 POST /api/predict 200 in 2.9s (compile: 12ms, render: 2.9s)
 GET /api/hot-picks 200 in 2.9s (compile: 15ms, render: 2.9s)
 GET /dashboard 200 in 105ms (compile: 4ms, render: 101ms)
 GET / 200 in 81ms (compile: 6ms, render: 75ms)
 GET /api/analytics/trends 200 in 3.5s (compile: 100ms, render: 3.4s)
 GET /api/analytics/reasons 200 in 3.5s (compile: 134ms, render: 3.3s)
 GET /api/hot-picks 200 in 3.3s (compile: 10ms, render: 3.2s)
 GET /api/hot-picks 200 in 3.4s (compile: 157ms, render: 3.3s)
 POST /api/predict 200 in 3.3s (compile: 6ms, render: 3.3s)
 GET /api/analytics/reasons 200 in 34ms (compile: 6ms, render: 28ms)
 GET /api/analytics/market-phases 200 in 35ms (compile: 13ms, render: 22ms)
 GET /api/analytics/trends 200 in 37ms (compile: 17ms, render: 20ms)
 GET /api/ops/metrics/latest 200 in 30ms (compile: 15ms, render: 16ms)
 GET /api/ops/metrics/history 200 in 32ms (compile: 18ms, render: 14ms)
 POST /api/predict 200 in 639ms (compile: 1805µs, render: 637ms)
 GET /api/hot-picks 200 in 641ms (compile: 7ms, render: 634ms)
 GET / 200 in 26ms (compile: 3ms, render: 23ms)
 POST /api/predict 200 in 522ms (compile: 2ms, render: 520ms)
 GET /api/hot-picks 200 in 524ms (compile: 6ms, render: 518ms)
 POST /api/predict 200 in 570ms (compile: 3ms, render: 567ms)
 POST /api/predict 200 in 1396ms (compile: 2ms, render: 1394ms)
 GET /dashboard 200 in 262ms (compile: 13ms, render: 249ms)
 GET / 200 in 195ms (compile: 8ms, render: 187ms)
 GET /?ui=full 200 in 196ms (compile: 19ms, render: 177ms)
 GET / 200 in 197ms (compile: 29ms, render: 167ms)
 GET / 200 in 199ms (compile: 44ms, render: 155ms)
 GET /api/analytics/reasons 200 in 46ms (compile: 7ms, render: 39ms)
 GET /api/analytics/market-phases 200 in 46ms (compile: 12ms, render: 34ms)
 GET /api/analytics/trends 200 in 50ms (compile: 16ms, render: 34ms)
 GET /api/ops/metrics/latest 200 in 41ms (compile: 12ms, render: 29ms)
 GET /api/ops/metrics/history 200 in 50ms (compile: 11ms, render: 38ms)
 POST /api/predict 200 in 3.0s (compile: 5ms, render: 3.0s)
 GET /api/hot-picks 200 in 3.0s (compile: 11ms, render: 3.0s)
 POST /api/predict 200 in 3.0s (compile: 15ms, render: 3.0s)
 GET /api/hot-picks 200 in 3.0s (compile: 20ms, render: 3.0s)
 GET / 200 in 116ms (compile: 5ms, render: 111ms)
 GET /dashboard 200 in 86ms (compile: 7ms, render: 79ms)
 GET /api/analytics/reasons 200 in 166ms (compile: 5ms, render: 160ms)
 GET /api/ops/metrics/history 200 in 163ms (compile: 6ms, render: 157ms)
 GET /api/ops/metrics/latest 200 in 184ms (compile: 20ms, render: 164ms)
 GET /api/analytics/market-phases 200 in 1023ms (compile: 11ms, render: 1012ms)
 GET /api/analytics/trends 200 in 1024ms (compile: 16ms, render: 1008ms)
 GET /api/hot-picks 200 in 997ms (compile: 8ms, render: 989ms)
 POST /api/predict 200 in 1058ms (compile: 4ms, render: 1054ms)
 GET /api/hot-picks 200 in 4.9s (compile: 24ms, render: 4.9s)
 GET /api/hot-picks 200 in 5.2s (compile: 12ms, render: 5.2s)
 POST /api/predict 200 in 5.8s (compile: 6ms, render: 5.8s)
 POST /api/predict 200 in 6.2s (compile: 18ms, render: 6.2s)
 GET / 200 in 46ms (compile: 5ms, render: 40ms)
 POST /api/predict 200 in 674ms (compile: 2ms, render: 672ms)
 GET /api/hot-picks 200 in 675ms (compile: 6ms, render: 670ms)
 POST /api/predict 200 in 553ms (compile: 1961µs, render: 551ms)
 GET /?ui=full 200 in 283ms (compile: 12ms, render: 271ms)
 GET / 200 in 239ms (compile: 7ms, render: 232ms)
 GET /dashboard 200 in 209ms (compile: 15ms, render: 194ms)
 GET / 200 in 184ms (compile: 27ms, render: 157ms)
 GET / 200 in 139ms (compile: 10ms, render: 129ms)
 GET /api/analytics/reasons 200 in 40ms (compile: 8ms, render: 32ms)
 GET /api/analytics/market-phases 200 in 42ms (compile: 13ms, render: 28ms)
 GET /api/ops/metrics/latest 200 in 42ms (compile: 21ms, render: 21ms)
 GET /api/analytics/trends 200 in 45ms (compile: 16ms, render: 29ms)
 GET /api/ops/metrics/history 200 in 43ms (compile: 16ms, render: 27ms)
 POST /api/predict 200 in 1256ms (compile: 8ms, render: 1248ms)
 GET /api/hot-picks 200 in 1893ms (compile: 7ms, render: 1886ms)
 GET /api/hot-picks 200 in 1926ms (compile: 12ms, render: 1913ms)
 GET /api/hot-picks 200 in 2.4s (compile: 5ms, render: 2.4s)
 POST /api/predict 200 in 2.4s (compile: 4ms, render: 2.4s)
 POST /api/predict 200 in 2.4s (compile: 1519µs, render: 2.4s)
 GET /api/hot-picks 200 in 2.4s (compile: 22ms, render: 2.4s)
 POST /api/predict 200 in 2.4s (compile: 18ms, render: 2.4s)
 GET / 200 in 32ms (compile: 4ms, render: 28ms)
 GET /dashboard 200 in 98ms (compile: 4ms, render: 94ms)
 GET /api/ops/metrics/latest 200 in 564ms (compile: 11ms, render: 552ms)
 GET /api/ops/metrics/history 200 in 565ms (compile: 15ms, render: 550ms)
 POST /api/predict 200 in 579ms (compile: 1932µs, render: 577ms)
 GET /api/hot-picks 200 in 580ms (compile: 7ms, render: 573ms)
 GET /api/analytics/market-phases 200 in 570ms (compile: 5ms, render: 565ms)
 GET /api/analytics/reasons 200 in 572ms (compile: 2ms, render: 569ms)
 GET /api/analytics/trends 200 in 572ms (compile: 8ms, render: 564ms)
 POST /api/predict 200 in 507ms (compile: 3ms, render: 504ms)
 GET / 200 in 38ms (compile: 4ms, render: 34ms)
 POST /api/predict 200 in 532ms (compile: 3ms, render: 529ms)
 GET /api/hot-picks 200 in 535ms (compile: 7ms, render: 528ms)
 GET / 200 in 248ms (compile: 7ms, render: 241ms)
 GET / 200 in 213ms (compile: 16ms, render: 197ms)
 GET /?ui=full 200 in 212ms (compile: 29ms, render: 184ms)
 GET /dashboard 200 in 169ms (compile: 9ms, render: 159ms)
 GET / 200 in 140ms (compile: 13ms, render: 127ms)
 GET /api/hot-picks 200 in 1449ms (compile: 9ms, render: 1440ms)
 POST /api/predict 200 in 1452ms (compile: 3ms, render: 1449ms)
 GET /api/ops/metrics/latest 200 in 1412ms (compile: 41ms, render: 1371ms)
 GET /api/ops/metrics/history 200 in 1388ms (compile: 23ms, render: 1365ms)
 GET /api/hot-picks 200 in 2.7s (compile: 6ms, render: 2.7s)
 GET /api/analytics/reasons 200 in 2.8s (compile: 19ms, render: 2.8s)
 GET /api/hot-picks 200 in 2.8s (compile: 25ms, render: 2.8s)
 GET /api/analytics/market-phases 200 in 2.8s (compile: 33ms, render: 2.7s)
 GET /api/hot-picks 200 in 2.8s (compile: 10ms, render: 2.8s)
 GET /api/analytics/trends 200 in 2.8s (compile: 37ms, render: 2.7s)
 POST /api/predict 200 in 2.8s (compile: 13ms, render: 2.8s)
 POST /api/predict 200 in 2.7s (compile: 2ms, render: 2.7s)
 POST /api/predict 200 in 2.8s (compile: 4ms, render: 2.8s)
 GET / 200 in 104ms (compile: 3ms, render: 101ms)
 GET /dashboard 200 in 98ms (compile: 4ms, render: 93ms)
 GET /api/analytics/reasons 200 in 18ms (compile: 5ms, render: 13ms)
 GET /api/analytics/market-phases 200 in 23ms (compile: 9ms, render: 14ms)
 GET /api/analytics/trends 200 in 24ms (compile: 12ms, render: 12ms)
 GET /api/ops/metrics/latest 200 in 25ms (compile: 8ms, render: 17ms)
 GET /api/ops/metrics/history 200 in 21ms (compile: 8ms, render: 13ms)
 POST /api/predict 200 in 369ms (compile: 11ms, render: 358ms)
 GET /api/hot-picks 200 in 371ms (compile: 14ms, render: 357ms)
 GET / 200 in 35ms (compile: 4ms, render: 31ms)
 POST /api/predict 200 in 751ms (compile: 5ms, render: 746ms)
 GET /api/hot-picks 200 in 751ms (compile: 13ms, render: 738ms)
 POST /api/predict 200 in 968ms (compile: 4ms, render: 964ms)
 POST /api/predict 200 in 1170ms (compile: 3ms, render: 1167ms)
 GET /?ui=full 200 in 320ms (compile: 7ms, render: 313ms)
 GET / 200 in 284ms (compile: 11ms, render: 273ms)
 GET / 200 in 226ms (compile: 29ms, render: 197ms)
 GET /dashboard 200 in 230ms (compile: 12ms, render: 218ms)
 GET / 200 in 167ms (compile: 18ms, render: 149ms)
 GET /api/analytics/reasons 200 in 33ms (compile: 7ms, render: 26ms)
 GET /api/analytics/market-phases 200 in 51ms (compile: 15ms, render: 37ms)
 GET /api/ops/metrics/latest 200 in 35ms (compile: 16ms, render: 19ms)
 GET /api/analytics/trends 200 in 59ms (compile: 11ms, render: 47ms)
 GET /api/ops/metrics/history 200 in 53ms (compile: 20ms, render: 33ms)
 GET /api/hot-picks 200 in 582ms (compile: 18ms, render: 564ms)
 POST /api/predict 200 in 585ms (compile: 12ms, render: 573ms)
 GET /api/hot-picks 200 in 1261ms (compile: 8ms, render: 1253ms)
 GET /api/hot-picks 200 in 1262ms (compile: 14ms, render: 1248ms)
 POST /api/predict 200 in 1879ms (compile: 4ms, render: 1876ms)
 POST /api/predict 200 in 1880ms (compile: 11ms, render: 1869ms)
 GET /api/hot-picks 200 in 1850ms (compile: 4ms, render: 1846ms)
 POST /api/predict 200 in 1859ms (compile: 2ms, render: 1857ms)
 GET / 200 in 38ms (compile: 4ms, render: 34ms)
 GET /dashboard 200 in 91ms (compile: 4ms, render: 87ms)
 POST /api/predict 200 in 1015ms (compile: 3ms, render: 1012ms)
 GET /api/ops/metrics/latest 200 in 955ms (compile: 6ms, render: 949ms)
 GET /api/ops/metrics/history 200 in 952ms (compile: 6ms, render: 946ms)
 GET /api/hot-picks 200 in 1018ms (compile: 9ms, render: 1009ms)
 GET /api/analytics/market-phases 200 in 970ms (compile: 8ms, render: 962ms)
 GET /api/analytics/reasons 200 in 972ms (compile: 4ms, render: 968ms)
 GET /api/analytics/trends 200 in 973ms (compile: 11ms, render: 961ms)
 GET / 200 in 58ms (compile: 4ms, render: 55ms)
 POST /api/predict 200 in 504ms (compile: 2ms, render: 502ms)
 GET /api/hot-picks 200 in 506ms (compile: 7ms, render: 499ms)
 POST /api/predict 200 in 823ms (compile: 3ms, render: 820ms)
 POST /api/predict 200 in 1474ms (compile: 1480µs, render: 1472ms)
 POST /api/predict 200 in 866ms (compile: 1948µs, render: 864ms)
 POST /api/predict 200 in 1261ms (compile: 1697µs, render: 1259ms)
 GET /?ui=full 200 in 21ms (compile: 2ms, render: 19ms)
 POST /api/predict 200 in 636ms (compile: 3ms, render: 633ms)
 GET /api/hot-picks 200 in 637ms (compile: 7ms, render: 630ms)
 POST /api/predict 200 in 1232ms (compile: 3ms, render: 1229ms)
 POST /api/predict 200 in 1284ms (compile: 2ms, render: 1282ms)
 POST /api/predict 200 in 1329ms (compile: 4ms, render: 1325ms)
 GET / 200 in 26ms (compile: 4ms, render: 22ms)
 POST /api/predict 200 in 592ms (compile: 1793µs, render: 590ms)
 GET /api/hot-picks 200 in 593ms (compile: 6ms, render: 587ms)
 POST /api/predict 200 in 1256ms (compile: 1538µs, render: 1255ms)
 POST /api/predict 200 in 952ms (compile: 1470µs, render: 951ms)
 POST /api/predict 200 in 1457ms (compile: 1476µs, render: 1455ms)
 POST /api/predict 200 in 784ms (compile: 1363µs, render: 783ms)
 POST /api/predict 200 in 1147ms (compile: 1531µs, render: 1146ms)
 POST /api/predict 200 in 647ms (compile: 2ms, render: 645ms)
 POST /api/predict 200 in 1131ms (compile: 2ms, render: 1129ms)
 POST /api/predict 200 in 1008ms (compile: 1516µs, render: 1007ms)
 POST /api/predict 200 in 983ms (compile: 1477µs, render: 982ms)
 POST /api/predict 200 in 1848ms (compile: 1271µs, render: 1847ms)
 POST /api/predict 200 in 753ms (compile: 2ms, render: 750ms)
 POST /api/predict 200 in 1100ms (compile: 1874µs, render: 1098ms)
 POST /api/predict 200 in 832ms (compile: 1278µs, render: 831ms)
 POST /api/predict 200 in 1141ms (compile: 1939µs, render: 1139ms)
 POST /api/predict 200 in 608ms (compile: 1579µs, render: 606ms)
 POST /api/predict 200 in 1343ms (compile: 1997µs, render: 1341ms)
 POST /api/predict 200 in 911ms (compile: 1311µs, render: 910ms)
 POST /api/predict 200 in 1113ms (compile: 3ms, render: 1111ms)
 POST /api/predict 200 in 1319ms (compile: 2ms, render: 1317ms)
 POST /api/predict 200 in 1072ms (compile: 1521µs, render: 1070ms)
 GET / 200 in 145ms (compile: 72ms, render: 73ms)
 GET / 200 in 58ms (compile: 4ms, render: 54ms)
 GET / 200 in 59ms (compile: 5ms, render: 55ms)
 GET / 200 in 63ms (compile: 4ms, render: 59ms)
 GET / 200 in 65ms (compile: 4ms, render: 61ms)
 GET / 200 in 74ms (compile: 4ms, render: 70ms)
 GET / 200 in 69ms (compile: 5ms, render: 64ms)
 GET / 200 in 52ms (compile: 5ms, render: 46ms)
 GET / 200 in 62ms (compile: 4ms, render: 58ms)
 GET / 200 in 58ms (compile: 5ms, render: 53ms)
 GET / 200 in 37ms (compile: 4ms, render: 32ms)
 GET / 200 in 33ms (compile: 3ms, render: 30ms)
 GET / 200 in 30ms (compile: 3ms, render: 27ms)
 GET / 200 in 33ms (compile: 4ms, render: 29ms)
 GET / 200 in 43ms (compile: 5ms, render: 38ms)
 GET / 200 in 41ms (compile: 3ms, render: 37ms)
 GET / 200 in 30ms (compile: 2ms, render: 28ms)
 GET / 200 in 30ms (compile: 3ms, render: 27ms)
 GET / 200 in 48ms (compile: 5ms, render: 43ms)
 GET / 200 in 47ms (compile: 4ms, render: 43ms)
 GET / 200 in 46ms (compile: 3ms, render: 43ms)
 GET / 200 in 30ms (compile: 2ms, render: 28ms)
 GET / 200 in 28ms (compile: 3ms, render: 26ms)
 GET / 200 in 15ms (compile: 3ms, render: 12ms)
 POST /api/predict 200 in 1493ms (compile: 27ms, render: 1466ms)
 POST /api/predict 200 in 1193ms (compile: 1897µs, render: 1191ms)
✓ Compiled in 452ms
✓ Compiled in 31ms
 POST /api/predict 500 in 280ms (compile: 177ms, render: 103ms)
 GET /?ui=full 500 in 31ms (compile: 24ms, render: 7ms)
 POST /api/predict 500 in 14ms (compile: 7ms, render: 7ms)
 POST /api/predict 500 in 10ms (compile: 4ms, render: 5ms)
 GET / 500 in 24ms (compile: 13ms, render: 11ms)
 GET / 500 in 12ms (compile: 6ms, render: 7ms)
✓ Compiled in 109ms
 GET / 200 in 330ms (compile: 182ms, render: 148ms)
 POST /api/predict 200 in 2.2s (compile: 1893µs, render: 2.2s)
 GET /api/hot-picks 200 in 2.5s (compile: 25ms, render: 2.5s)
 POST /api/predict 200 in 835ms (compile: 1919µs, render: 833ms)
 GET /legacy 200 in 1832ms (compile: 1748ms, render: 84ms)
 POST /api/predict 200 in 1236ms (compile: 1810µs, render: 1234ms)
 GET /api/hot-picks 200 in 1239ms (compile: 6ms, render: 1233ms)
 GET / 500 in 52ms (compile: 46ms, render: 6ms)
✓ Compiled in 31ms
 GET / 200 in 215ms (compile: 83ms, render: 131ms)
 GET /api/hot-picks 200 in 1652ms (compile: 9ms, render: 1643ms)
 POST /api/predict 200 in 1655ms (compile: 3ms, render: 1652ms)
 GET /legacy 200 in 32ms (compile: 3ms, render: 29ms)
 GET /api/hot-picks 200 in 757ms (compile: 7ms, render: 750ms)
 POST /api/predict 200 in 761ms (compile: 2ms, render: 758ms)
 GET / 500 in 57ms (compile: 42ms, render: 14ms)
✓ Compiled in 444ms
 GET / 200 in 183ms (compile: 51ms, render: 131ms)
 GET /api/hot-picks 200 in 1261ms (compile: 8ms, render: 1252ms)
 POST /api/predict 200 in 1264ms (compile: 3ms, render: 1261ms)
 GET /legacy 200 in 293ms (compile: 102ms, render: 191ms)
 GET /api/hot-picks 200 in 583ms (compile: 8ms, render: 575ms)
 POST /api/predict 200 in 586ms (compile: 2ms, render: 583ms)
 GET / 200 in 32ms (compile: 10ms, render: 22ms)
 GET /api/hot-picks 200 in 1769ms (compile: 6ms, render: 1763ms)
 POST /api/predict 200 in 2.2s (compile: 2ms, render: 2.2s)
 POST /api/predict 200 in 491ms (compile: 4ms, render: 486ms)
 GET /legacy 200 in 42ms (compile: 5ms, render: 36ms)
 GET /api/hot-picks 200 in 892ms (compile: 7ms, render: 885ms)
 POST /api/predict 200 in 894ms (compile: 2ms, render: 892ms)
 GET / 200 in 25ms (compile: 2ms, render: 23ms)
 GET /api/hot-picks 200 in 1678ms (compile: 8ms, render: 1670ms)
 POST /api/predict 200 in 1682ms (compile: 4ms, render: 1678ms)
 POST /api/predict 200 in 51ms (compile: 3ms, render: 48ms)
 GET /legacy 200 in 42ms (compile: 4ms, render: 37ms)
 GET /api/hot-picks 200 in 1276ms (compile: 2ms, render: 1274ms)
 POST /api/predict 200 in 1286ms (compile: 2ms, render: 1283ms)
 GET / 200 in 37ms (compile: 3ms, render: 34ms)
 GET /api/hot-picks 200 in 2.1s (compile: 10ms, render: 2.1s)
 POST /api/predict 200 in 2.4s (compile: 2ms, render: 2.4s)
 POST /api/predict 200 in 769ms (compile: 2ms, render: 766ms)
 POST /api/predict 200 in 1204ms (compile: 1807µs, render: 1202ms)
 POST /api/predict 200 in 526ms (compile: 3ms, render: 523ms)
 POST /api/predict 200 in 1219ms (compile: 1597µs, render: 1218ms)
 GET /api/hot-picks 200 in 1216ms (compile: 4ms, render: 1212ms)
 POST /api/predict 200 in 514ms (compile: 1752µs, render: 512ms)
 POST /api/predict 200 in 1400ms (compile: 1747µs, render: 1398ms)
 POST /api/predict 200 in 741ms (compile: 4ms, render: 737ms)
 POST /api/predict 200 in 1147ms (compile: 3ms, render: 1144ms)
 GET /api/hot-picks 200 in 1149ms (compile: 7ms, render: 1142ms)
 POST /api/predict 200 in 978ms (compile: 1669µs, render: 977ms)
 POST /api/predict 200 in 1219ms (compile: 2ms, render: 1217ms)
 GET /api/hot-picks 200 in 704ms (compile: 10ms, render: 695ms)
 POST /api/predict 200 in 707ms (compile: 4ms, render: 704ms)
 POST /api/predict 200 in 1063ms (compile: 2ms, render: 1060ms)
 POST /api/predict 200 in 1071ms (compile: 4ms, render: 1067ms)
 POST /api/predict 200 in 841ms (compile: 3ms, render: 838ms)
 POST /api/predict 200 in 1184ms (compile: 1298µs, render: 1182ms)
 POST /api/predict 200 in 711ms (compile: 2ms, render: 709ms)
 POST /api/predict 200 in 1383ms (compile: 1969µs, render: 1381ms)
 POST /api/predict 200 in 749ms (compile: 1364µs, render: 748ms)
 POST /api/predict 200 in 1241ms (compile: 4ms, render: 1237ms)
 POST /api/predict 200 in 925ms (compile: 1613µs, render: 923ms)
 POST /api/predict 200 in 1247ms (compile: 2ms, render: 1245ms)
 POST /api/predict 200 in 692ms (compile: 3ms, render: 688ms)
 POST /api/predict 200 in 1356ms (compile: 2ms, render: 1354ms)
 POST /api/predict 200 in 495ms (compile: 3ms, render: 492ms)
 POST /api/predict 200 in 1294ms (compile: 1890µs, render: 1292ms)
 POST /api/predict 200 in 868ms (compile: 2ms, render: 866ms)
 POST /api/predict 200 in 1340ms (compile: 2ms, render: 1338ms)
 POST /api/predict 200 in 702ms (compile: 1475µs, render: 700ms)
 POST /api/predict 200 in 1092ms (compile: 1450µs, render: 1090ms)
 POST /api/predict 200 in 692ms (compile: 1525µs, render: 690ms)
 POST /api/predict 200 in 1314ms (compile: 1455µs, render: 1312ms)
 POST /api/predict 200 in 1967ms (compile: 2ms, render: 1964ms)
 POST /api/predict 200 in 1288ms (compile: 1463µs, render: 1286ms)
 POST /api/predict 200 in 1310ms (compile: 1585µs, render: 1308ms)
 POST /api/predict 200 in 1299ms (compile: 1953µs, render: 1297ms)
 POST /api/predict 200 in 1233ms (compile: 2ms, render: 1230ms)
 POST /api/predict 200 in 1372ms (compile: 1570µs, render: 1370ms)
 POST /api/predict 200 in 666ms (compile: 3ms, render: 663ms)
 POST /api/predict 200 in 1872ms (compile: 1452µs, render: 1870ms)
 POST /api/predict 200 in 1144ms (compile: 4ms, render: 1141ms)
 POST /api/predict 200 in 853ms (compile: 1883µs, render: 851ms)
 POST /api/predict 200 in 910ms (compile: 1571µs, render: 908ms)
 POST /api/predict 200 in 881ms (compile: 1571µs, render: 879ms)
 POST /api/predict 200 in 501ms (compile: 1540µs, render: 499ms)
 GET /api/hot-picks 200 in 9ms (compile: 1400µs, render: 8ms)
 POST /api/predict 200 in 913ms (compile: 1831µs, render: 911ms)
 GET /api/hot-picks 200 in 1826ms (compile: 7ms, render: 1819ms)
 POST /api/predict 200 in 1829ms (compile: 1777µs, render: 1827ms)
 POST /api/predict 200 in 767ms (compile: 1501µs, render: 765ms)
 GET /api/hot-picks 200 in 1848ms (compile: 6ms, render: 1842ms)
 POST /api/predict 200 in 1855ms (compile: 3ms, render: 1852ms)
 POST /api/predict 200 in 934ms (compile: 1726µs, render: 932ms)
 POST /api/predict 200 in 985ms (compile: 1564µs, render: 984ms)
✓ Compiled in 127ms
 GET / 200 in 305ms (compile: 125ms, render: 180ms)
 GET /api/hot-picks 200 in 1921ms (compile: 13ms, render: 1908ms)
 POST /api/predict 200 in 2.5s (compile: 4ms, render: 2.5s)
 POST /api/predict 200 in 811ms (compile: 1751µs, render: 809ms)
 POST /api/predict 200 in 1260ms (compile: 1906µs, render: 1258ms)
 POST /api/predict 200 in 510ms (compile: 1651µs, render: 508ms)
 POST /api/predict 200 in 918ms (compile: 2ms, render: 915ms)
 GET /api/hot-picks 200 in 919ms (compile: 7ms, render: 913ms)
 POST /api/predict 200 in 824ms (compile: 1821µs, render: 822ms)
 GET /api/hot-picks 200 in 1706ms (compile: 5ms, render: 1701ms)
 POST /api/predict 200 in 1709ms (compile: 1539µs, render: 1707ms)
 POST /api/predict 200 in 653ms (compile: 2ms, render: 651ms)
 GET /api/hot-picks 200 in 1518ms (compile: 7ms, render: 1512ms)
 POST /api/predict 200 in 1520ms (compile: 1779µs, render: 1518ms)
 POST /api/predict 200 in 561ms (compile: 1391µs, render: 560ms)
 GET /api/hot-picks 200 in 1634ms (compile: 7ms, render: 1627ms)
 POST /api/predict 200 in 1637ms (compile: 2ms, render: 1635ms)
 POST /api/predict 200 in 903ms (compile: 1919µs, render: 901ms)
 POST /api/predict 200 in 604ms (compile: 3ms, render: 601ms)
 POST /api/predict 200 in 820ms (compile: 1580µs, render: 818ms)
 GET /api/hot-picks 200 in 816ms (compile: 3ms, render: 813ms)
 POST /api/predict 200 in 976ms (compile: 1381µs, render: 974ms)
 POST /api/predict 200 in 826ms (compile: 1613µs, render: 824ms)
 POST /api/predict 200 in 932ms (compile: 3ms, render: 928ms)
 GET /api/hot-picks 200 in 933ms (compile: 10ms, render: 924ms)
 POST /api/predict 200 in 1064ms (compile: 6ms, render: 1058ms)
 GET /api/hot-picks 200 in 1066ms (compile: 9ms, render: 1057ms)
 POST /api/predict 200 in 991ms (compile: 2ms, render: 989ms)
 POST /api/predict 200 in 760ms (compile: 2ms, render: 757ms)
 POST /api/predict 200 in 1262ms (compile: 1612µs, render: 1260ms)
 POST /api/predict 200 in 681ms (compile: 2ms, render: 678ms)
 POST /api/predict 200 in 995ms (compile: 1602µs, render: 993ms)
 POST /api/predict 200 in 838ms (compile: 2ms, render: 836ms)
 POST /api/predict 200 in 1272ms (compile: 1265µs, render: 1270ms)
 POST /api/predict 200 in 561ms (compile: 1986µs, render: 559ms)
 POST /api/predict 200 in 1148ms (compile: 1446µs, render: 1146ms)
 POST /api/predict 200 in 641ms (compile: 1279µs, render: 640ms)
 POST /api/predict 200 in 1279ms (compile: 1814µs, render: 1278ms)
 POST /api/predict 200 in 578ms (compile: 1434µs, render: 577ms)
 POST /api/predict 200 in 1273ms (compile: 1439µs, render: 1272ms)
 POST /api/predict 200 in 1950ms (compile: 1733µs, render: 1949ms)
 POST /api/predict 200 in 1314ms (compile: 1408µs, render: 1312ms)
 POST /api/predict 200 in 1232ms (compile: 2ms, render: 1230ms)
 POST /api/predict 200 in 1226ms (compile: 1521µs, render: 1224ms)
✓ Compiled in 417ms
 POST /api/predict 200 in 1231ms (compile: 6ms, render: 1225ms)
✓ Compiled in 158ms
 GET /api/hot-picks 200 in 17ms (compile: 11ms, render: 5ms)
 POST /api/predict 200 in 18ms (compile: 4ms, render: 14ms)
 GET / 200 in 284ms (compile: 86ms, render: 198ms)
 GET /api/hot-picks 200 in 1362ms (compile: 5ms, render: 1356ms)
 POST /api/predict 200 in 1364ms (compile: 1882µs, render: 1362ms)
 POST /api/predict 200 in 1175ms (compile: 1335µs, render: 1174ms)
 GET / 200 in 23ms (compile: 2ms, render: 21ms)
 POST /api/predict 200 in 1084ms (compile: 1486µs, render: 1082ms)
 POST /api/predict 200 in 1611ms (compile: 3ms, render: 1608ms)
 POST /api/predict 200 in 1006ms (compile: 1657µs, render: 1005ms)
 POST /api/predict 200 in 1106ms (compile: 1360µs, render: 1105ms)
 POST /api/predict 200 in 1505ms (compile: 1393µs, render: 1504ms)
 POST /api/predict 200 in 1301ms (compile: 3ms, render: 1298ms)
 GET / 200 in 21ms (compile: 2ms, render: 18ms)
 POST /api/predict 200 in 758ms (compile: 1846µs, render: 756ms)
 GET /api/hot-picks 200 in 476ms (compile: 7ms, render: 469ms)
 POST /api/predict 200 in 480ms (compile: 1866µs, render: 479ms)
 POST /api/predict 200 in 1276ms (compile: 5ms, render: 1272ms)
 POST /api/predict 200 in 806ms (compile: 1642µs, render: 805ms)
 GET /api/hot-picks 200 in 805ms (compile: 4ms, render: 801ms)
 POST /api/predict 200 in 979ms (compile: 2ms, render: 977ms)
 POST /api/predict 200 in 845ms (compile: 1757µs, render: 844ms)
 POST /api/predict 200 in 1052ms (compile: 3ms, render: 1049ms)
 POST /api/predict 200 in 817ms (compile: 2ms, render: 815ms)
 POST /api/predict 200 in 978ms (compile: 2ms, render: 975ms)
 GET /legacy 200 in 99ms (compile: 74ms, render: 25ms)
 POST /api/predict 200 in 972ms (compile: 7ms, render: 965ms)
 GET /api/hot-picks 200 in 1369ms (compile: 3ms, render: 1366ms)
 POST /api/predict 200 in 1370ms (compile: 6ms, render: 1363ms)
 GET /api/hot-picks 200 in 7ms (compile: 2ms, render: 5ms)
 POST /api/predict 200 in 1351ms (compile: 2ms, render: 1348ms)
 POST /api/predict 200 in 984ms (compile: 1609µs, render: 983ms)
 POST /api/predict 200 in 1191ms (compile: 1820µs, render: 1189ms)
 POST /api/predict 200 in 1353ms (compile: 1489µs, render: 1352ms)
 POST /api/predict 200 in 1323ms (compile: 2ms, render: 1321ms)
 POST /api/predict 200 in 589ms (compile: 1739µs, render: 587ms)
 POST /api/predict 200 in 1080ms (compile: 3ms, render: 1076ms)
 POST /api/predict 200 in 1410ms (compile: 2ms, render: 1408ms)
 POST /api/predict 200 in 595ms (compile: 3ms, render: 593ms)
 POST /api/predict 200 in 1065ms (compile: 2ms, render: 1063ms)
 GET /legacy 200 in 140ms (compile: 3ms, render: 137ms)
 POST /api/predict 200 in 1361ms (compile: 3ms, render: 1358ms)
 GET /api/hot-picks 200 in 1353ms (compile: 1757µs, render: 1352ms)
 POST /api/predict 200 in 1429ms (compile: 1594µs, render: 1427ms)
 POST /api/predict 200 in 1490ms (compile: 1457µs, render: 1489ms)
 POST /api/predict 200 in 2.2s (compile: 1894µs, render: 2.2s)
 POST /api/predict 200 in 922ms (compile: 3ms, render: 920ms)
 POST /api/predict 200 in 818ms (compile: 2ms, render: 816ms)
 POST /api/predict 200 in 1553ms (compile: 3ms, render: 1549ms)
 POST /api/predict 200 in 1462ms (compile: 1819µs, render: 1460ms)
 POST /api/predict 200 in 1572ms (compile: 1651µs, render: 1571ms)
 GET /api/hot-picks 200 in 8ms (compile: 3ms, render: 5ms)
 POST /api/predict 200 in 1296ms (compile: 1537µs, render: 1294ms)
 POST /api/predict 200 in 1463ms (compile: 1423µs, render: 1462ms)
 POST /api/predict 200 in 1465ms (compile: 1797µs, render: 1464ms)
 POST /api/predict 200 in 613ms (compile: 2ms, render: 611ms)
 POST /api/predict 200 in 1461ms (compile: 1385µs, render: 1460ms)
 POST /api/predict 200 in 1415ms (compile: 1512µs, render: 1414ms)
✓ Compiled in 69ms
 GET / 200 in 301ms (compile: 128ms, render: 173ms)
 POST /api/predict 200 in 1974ms (compile: 4ms, render: 1970ms)
 GET / 200 in 26ms (compile: 3ms, render: 23ms)
 POST /api/predict 200 in 1118ms (compile: 1888µs, render: 1116ms)
 GET / 200 in 38ms (compile: 3ms, render: 34ms)
 GET /api/hot-picks 200 in 1399ms (compile: 10ms, render: 1389ms)
 POST /api/predict 200 in 1402ms (compile: 3ms, render: 1399ms)
 GET /legacy 200 in 17ms (compile: 5ms, render: 12ms)
 POST /api/predict 200 in 588ms (compile: 3ms, render: 585ms)
 GET /api/hot-picks 200 in 1028ms (compile: 2ms, render: 1026ms)
 POST /api/predict 200 in 1022ms (compile: 1404µs, render: 1021ms)
 GET /api/hot-picks 200 in 6ms (compile: 1484µs, render: 5ms)
 POST /api/predict 200 in 1509ms (compile: 2ms, render: 1507ms)
 POST /api/predict 200 in 1268ms (compile: 3ms, render: 1265ms)
 GET / 200 in 37ms (compile: 3ms, render: 34ms)
 POST /api/predict 200 in 1125ms (compile: 5ms, render: 1120ms)
 GET /api/hot-picks 200 in 1112ms (compile: 3ms, render: 1109ms)
 POST /api/predict 200 in 912ms (compile: 2ms, render: 910ms)
 POST /api/predict 200 in 907ms (compile: 2ms, render: 905ms)
 POST /api/predict 200 in 992ms (compile: 1638µs, render: 991ms)
 POST /api/predict 200 in 746ms (compile: 3ms, render: 744ms)
 POST /api/predict 200 in 1349ms (compile: 3ms, render: 1347ms)
 POST /api/predict 200 in 684ms (compile: 3ms, render: 680ms)
 GET /legacy 200 in 18ms (compile: 4ms, render: 14ms)
 POST /api/predict 200 in 1459ms (compile: 4ms, render: 1455ms)
 GET /api/hot-picks 200 in 1849ms (compile: 1511µs, render: 1848ms)
 GET /api/hot-picks 200 in 82ms (compile: 1626µs, render: 80ms)
 POST /api/predict 200 in 2.2s (compile: 9ms, render: 2.2s)
 POST /api/predict 200 in 1454ms (compile: 3ms, render: 1451ms)
 GET / 200 in 34ms (compile: 3ms, render: 31ms)
 POST /api/predict 200 in 1289ms (compile: 2ms, render: 1286ms)
 GET /api/hot-picks 200 in 1291ms (compile: 10ms, render: 1280ms)
 POST /api/predict 200 in 660ms (compile: 1895µs, render: 659ms)
 POST /api/predict 200 in 1405ms (compile: 4ms, render: 1401ms)
 POST /api/predict 200 in 825ms (compile: 3ms, render: 823ms)
 POST /api/predict 200 in 424ms (compile: 1441µs, render: 422ms)
 POST /api/predict 200 in 763ms (compile: 1364µs, render: 762ms)
 GET /api/hot-picks 200 in 11ms (compile: 1811µs, render: 10ms)
 POST /api/predict 200 in 502ms (compile: 1611µs, render: 501ms)
 GET /api/hot-picks 200 in 1290ms (compile: 9ms, render: 1282ms)
 POST /api/predict 200 in 1292ms (compile: 3ms, render: 1289ms)
 GET /api/hot-picks 200 in 9ms (compile: 2ms, render: 7ms)
 GET /api/hot-picks 200 in 7ms (compile: 1532µs, render: 5ms)
 POST /api/predict 200 in 965ms (compile: 1340µs, render: 964ms)
 GET /api/hot-picks 200 in 13ms (compile: 3ms, render: 10ms)
 POST /api/predict 200 in 1089ms (compile: 3ms, render: 1086ms)
 GET /legacy 200 in 18ms (compile: 5ms, render: 13ms)
 POST /api/predict 200 in 1351ms (compile: 6ms, render: 1345ms)
 GET /api/hot-picks 200 in 1836ms (compile: 6ms, render: 1829ms)
 POST /api/predict 200 in 1840ms (compile: 4ms, render: 1836ms)
 GET /api/hot-picks 200 in 7ms (compile: 1531µs, render: 6ms)
 GET / 200 in 42ms (compile: 4ms, render: 38ms)
 GET /legacy 200 in 15ms (compile: 4ms, render: 11ms)
 GET /api/hot-picks 200 in 1586ms (compile: 8ms, render: 1578ms)
 POST /api/predict 200 in 1589ms (compile: 3ms, render: 1587ms)
 POST /api/predict 200 in 1430ms (compile: 1373µs, render: 1429ms)
 POST /api/predict 200 in 1442ms (compile: 1747µs, render: 1440ms)
 GET /api/hot-picks 200 in 1071ms (compile: 1236µs, render: 1069ms)
 GET /api/hot-picks 200 in 10ms (compile: 1999µs, render: 8ms)
 POST /api/predict 200 in 1346ms (compile: 3ms, render: 1343ms)
 POST /api/predict 200 in 1219ms (compile: 1761µs, render: 1218ms)
 POST /api/predict 200 in 1246ms (compile: 1398µs, render: 1244ms)
 POST /api/predict 200 in 531ms (compile: 2ms, render: 528ms)
 POST /api/predict 200 in 675ms (compile: 2ms, render: 673ms)
 GET / 200 in 44ms (compile: 6ms, render: 38ms)
 POST /api/predict 200 in 2.1s (compile: 2ms, render: 2.1s)
 GET /api/hot-picks 200 in 2.5s (compile: 3ms, render: 2.5s)
 GET /legacy 200 in 16ms (compile: 4ms, render: 12ms)
 POST /api/predict 200 in 552ms (compile: 3ms, render: 549ms)
 GET /api/hot-picks 200 in 1270ms (compile: 1971µs, render: 1268ms)
 POST /api/predict 200 in 1281ms (compile: 3ms, render: 1277ms)
 GET /api/hot-picks 200 in 6ms (compile: 1767µs, render: 5ms)
 GET / 200 in 33ms (compile: 4ms, render: 29ms)
 GET /api/hot-picks 200 in 1569ms (compile: 8ms, render: 1560ms)
 POST /api/predict 200 in 1572ms (compile: 1997µs, render: 1570ms)
 POST /api/predict 200 in 596ms (compile: 1634µs, render: 594ms)
 GET / 200 in 40ms (compile: 4ms, render: 36ms)
 GET /api/hot-picks 200 in 1310ms (compile: 9ms, render: 1300ms)
 POST /api/predict 200 in 1312ms (compile: 3ms, render: 1309ms)
 POST /api/predict 200 in 599ms (compile: 4ms, render: 595ms)
 POST /api/predict 200 in 1432ms (compile: 2ms, render: 1430ms)
 POST /api/predict 200 in 589ms (compile: 1674µs, render: 588ms)
 POST /api/predict 200 in 1311ms (compile: 4ms, render: 1308ms)
 POST /api/predict 200 in 596ms (compile: 4ms, render: 593ms)
 POST /api/predict 200 in 1335ms (compile: 1427µs, render: 1333ms)
 POST /api/predict 200 in 719ms (compile: 4ms, render: 715ms)
 POST /api/predict 200 in 1212ms (compile: 1602µs, render: 1210ms)
 POST /api/predict 200 in 794ms (compile: 3ms, render: 790ms)
 POST /api/predict 200 in 1290ms (compile: 2ms, render: 1288ms)
 POST /api/predict 200 in 593ms (compile: 1493µs, render: 591ms)
 POST /api/predict 200 in 1332ms (compile: 1448µs, render: 1331ms)
 GET /legacy 200 in 16ms (compile: 3ms, render: 13ms)
 POST /api/predict 200 in 523ms (compile: 3ms, render: 520ms)
 GET /api/hot-picks 200 in 934ms (compile: 3ms, render: 931ms)
 POST /api/predict 200 in 946ms (compile: 7ms, render: 939ms)
 GET /api/hot-picks 200 in 6ms (compile: 1245µs, render: 5ms)
 POST /api/predict 200 in 1363ms (compile: 3ms, render: 1361ms)
 POST /api/predict 200 in 1326ms (compile: 1991µs, render: 1324ms)
 POST /api/predict 200 in 1222ms (compile: 2ms, render: 1220ms)
 POST /api/predict 200 in 1257ms (compile: 1916µs, render: 1255ms)
 POST /api/predict 200 in 2.1s (compile: 1707µs, render: 2.1s)
 POST /api/predict 200 in 1490ms (compile: 1849µs, render: 1489ms)
 POST /api/predict 200 in 1326ms (compile: 1544µs, render: 1325ms)
✓ Compiled in 60ms
 GET / 200 in 437ms (compile: 267ms, render: 171ms)
 GET /api/hot-picks 200 in 2.1s (compile: 8ms, render: 2.1s)
 POST /api/predict 200 in 2.4s (compile: 2ms, render: 2.4s)
 POST /api/predict 200 in 1256ms (compile: 2ms, render: 1254ms)
 POST /api/predict 200 in 512ms (compile: 2ms, render: 510ms)
✓ Compiled in 62ms
 GET /api/hot-picks 200 in 1336ms (compile: 6ms, render: 1331ms)
 POST /api/predict 200 in 1340ms (compile: 1751µs, render: 1338ms)
 GET /api/hot-picks 200 in 8ms (compile: 1492µs, render: 7ms)
 POST /api/predict 200 in 1341ms (compile: 3ms, render: 1338ms)
 POST /api/predict 200 in 680ms (compile: 3ms, render: 677ms)
 POST /api/predict 200 in 584ms (compile: 3ms, render: 581ms)
 POST /api/predict 200 in 1346ms (compile: 2ms, render: 1343ms)
 POST /api/predict 200 in 1296ms (compile: 1666µs, render: 1294ms)
 POST /api/predict 200 in 1293ms (compile: 3ms, render: 1290ms)
 POST /api/predict 200 in 1255ms (compile: 2ms, render: 1252ms)
 POST /api/predict 200 in 1331ms (compile: 2ms, render: 1329ms)
 GET / 200 in 259ms (compile: 95ms, render: 163ms)
 GET /api/hot-picks 200 in 1262ms (compile: 9ms, render: 1253ms)
 POST /api/predict 200 in 1265ms (compile: 2ms, render: 1263ms)
 POST /api/predict 200 in 1516ms (compile: 4ms, render: 1511ms)
 POST /api/predict 200 in 1512ms (compile: 3ms, render: 1509ms)
 POST /api/predict 200 in 2.3s (compile: 3ms, render: 2.3s)
 GET / 200 in 292ms (compile: 126ms, render: 165ms)
 GET /api/hot-picks 200 in 2.2s (compile: 7ms, render: 2.2s)
 POST /api/predict 200 in 2.6s (compile: 1744µs, render: 2.6s)
 POST /api/predict 200 in 1333ms (compile: 2ms, render: 1331ms)
 POST /api/predict 200 in 1589ms (compile: 3ms, render: 1587ms)
 POST /api/predict 200 in 1243ms (compile: 1678µs, render: 1241ms)
 POST /api/predict 200 in 1219ms (compile: 2ms, render: 1216ms)
 POST /api/predict 200 in 1207ms (compile: 1959µs, render: 1205ms)
 POST /api/predict 200 in 1296ms (compile: 1440µs, render: 1294ms)
 POST /api/predict 200 in 1289ms (compile: 2ms, render: 1287ms)
✓ Compiled in 103ms
 POST /api/predict 200 in 1202ms (compile: 1274µs, render: 1201ms)
 GET /api/hot-picks 200 in 1204ms (compile: 1410µs, render: 1202ms)
 GET / 200 in 299ms (compile: 111ms, render: 188ms)
 GET /api/hot-picks 200 in 1281ms (compile: 8ms, render: 1273ms)
 POST /api/predict 200 in 1285ms (compile: 2ms, render: 1283ms)
 POST /api/predict 200 in 1346ms (compile: 5ms, render: 1342ms)
 POST /api/predict 200 in 2.2s (compile: 4ms, render: 2.2s)
 POST /api/predict 200 in 1204ms (compile: 1667µs, render: 1202ms)
 POST /api/predict 200 in 1322ms (compile: 3ms, render: 1320ms)
 POST /api/predict 200 in 1312ms (compile: 3ms, render: 1310ms)
 POST /api/predict 200 in 1248ms (compile: 2ms, render: 1245ms)
 GET / 200 in 304ms (compile: 116ms, render: 189ms)
 GET /api/hot-picks 200 in 2.2s (compile: 8ms, render: 2.2s)
 POST /api/predict 200 in 2.7s (compile: 1975µs, render: 2.7s)
 POST /api/predict 200 in 1269ms (compile: 4ms, render: 1265ms)
 POST /api/predict 200 in 1272ms (compile: 3ms, render: 1269ms)
 POST /api/predict 200 in 1335ms (compile: 3ms, render: 1333ms)
 GET / 200 in 269ms (compile: 109ms, render: 160ms)
 GET /api/hot-picks 200 in 1535ms (compile: 10ms, render: 1525ms)
 POST /api/predict 200 in 1539ms (compile: 3ms, render: 1536ms)
 POST /api/predict 200 in 1512ms (compile: 1962µs, render: 1511ms)
 POST /api/predict 200 in 2.0s (compile: 1908µs, render: 2.0s)
 POST /api/predict 200 in 1424ms (compile: 1594µs, render: 1422ms)
 POST /api/predict 200 in 1346ms (compile: 1461µs, render: 1344ms)
 POST /api/predict 200 in 1276ms (compile: 2ms, render: 1273ms)
 POST /api/predict 200 in 1306ms (compile: 4ms, render: 1302ms)
 POST /api/predict 200 in 1337ms (compile: 3ms, render: 1334ms)
✓ Compiled in 94ms
 GET /api/hot-picks 200 in 1276ms (compile: 7ms, render: 1270ms)
 POST /api/predict 200 in 1279ms (compile: 1597µs, render: 1277ms)
 POST /api/predict 200 in 1386ms (compile: 3ms, render: 1383ms)
 GET / 200 in 295ms (compile: 118ms, render: 177ms)
 GET /api/hot-picks 200 in 1190ms (compile: 10ms, render: 1180ms)
 POST /api/predict 200 in 1194ms (compile: 3ms, render: 1192ms)
 POST /api/predict 200 in 1246ms (compile: 1272µs, render: 1245ms)
 POST /api/predict 200 in 1362ms (compile: 3ms, render: 1360ms)
✓ Compiled in 106ms
 POST /api/predict 200 in 1279ms (compile: 1263µs, render: 1278ms)
 GET /api/hot-picks 200 in 1734ms (compile: 1636µs, render: 1732ms)
 POST /api/predict 200 in 1370ms (compile: 1598µs, render: 1369ms)
 GET / 200 in 222ms (compile: 68ms, render: 155ms)
 POST /api/predict 200 in 1415ms (compile: 1610µs, render: 1413ms)
 GET /api/hot-picks 200 in 1417ms (compile: 7ms, render: 1410ms)
 POST /api/predict 200 in 1285ms (compile: 2ms, render: 1283ms)
 POST /api/predict 200 in 1223ms (compile: 2ms, render: 1221ms)
✓ Compiled in 61ms
 GET /api/hot-picks 200 in 1380ms (compile: 5ms, render: 1375ms)
 POST /api/predict 200 in 1383ms (compile: 1627µs, render: 1381ms)
 POST /api/predict 200 in 1388ms (compile: 2ms, render: 1386ms)
 GET / 200 in 223ms (compile: 69ms, render: 154ms)
 GET /api/hot-picks 200 in 1487ms (compile: 8ms, render: 1479ms)
 POST /api/predict 200 in 1490ms (compile: 3ms, render: 1487ms)
 POST /api/predict 200 in 1502ms (compile: 2ms, render: 1500ms)
 POST /api/predict 200 in 1284ms (compile: 4ms, render: 1280ms)
✓ Compiled in 92ms
 POST /api/predict 200 in 1423ms (compile: 4ms, render: 1419ms)
 GET /api/hot-picks 200 in 1108ms (compile: 1704µs, render: 1107ms)
 POST /api/predict 200 in 1118ms (compile: 1248µs, render: 1117ms)
 POST /api/predict 200 in 2.5s (compile: 1978µs, render: 2.5s)
 POST /api/predict 200 in 1266ms (compile: 3ms, render: 1263ms)
 POST /api/predict 200 in 653ms (compile: 2ms, render: 651ms)
 POST /api/predict 200 in 1176ms (compile: 2ms, render: 1173ms)
 POST /api/predict 200 in 500ms (compile: 5ms, render: 495ms)
 POST /api/predict 200 in 1156ms (compile: 3ms, render: 1153ms)
 GET / 200 in 279ms (compile: 113ms, render: 165ms)
 GET /api/hot-picks 200 in 817ms (compile: 10ms, render: 807ms)
 POST /api/predict 200 in 820ms (compile: 1935µs, render: 818ms)
 POST /api/predict 200 in 1603ms (compile: 1767µs, render: 1601ms)
