
> japan-stock-prophet@0.1.0 dev
> next dev

▲ Next.js 16.1.5 (Turbopack)
- Local:         http://localhost:3000
- Network:       http://192.168.0.26:3000
- Environments: .env.local

✓ Starting...
✓ Ready in 778ms
 GET / 200 in 476ms (compile: 304ms, render: 172ms)
 POST /api/predict 200 in 610ms (compile: 52ms, render: 558ms)
 POST /api/predict 200 in 784ms (compile: 4ms, render: 781ms)
 GET /api/analytics/reasons 200 in 37ms (compile: 27ms, render: 11ms)
 GET /api/analytics/market-phases 200 in 41ms (compile: 29ms, render: 12ms)
 GET /api/analytics/trends 200 in 40ms (compile: 26ms, render: 13ms)
 GET /api/ops/metrics/latest 200 in 32ms (compile: 25ms, render: 7ms)
 GET /api/ops/metrics/history 200 in 39ms (compile: 30ms, render: 10ms)
 GET /api/hot-picks 200 in 35ms (compile: 26ms, render: 9ms)
 GET / 200 in 61ms (compile: 7ms, render: 53ms)
 POST /api/predict 200 in 1542ms (compile: 2ms, render: 1539ms)
 GET /api/hot-picks 200 in 1533ms (compile: 2ms, render: 1531ms)
 POST /api/predict 200 in 727ms (compile: 2ms, render: 725ms)
 POST /api/predict 200 in 1137ms (compile: 3ms, render: 1134ms)
 GET /api/hot-picks 200 in 1140ms (compile: 7ms, render: 1133ms)
 POST /api/predict 200 in 820ms (compile: 1548µs, render: 819ms)
 GET / 200 in 25ms (compile: 3ms, render: 22ms)
 POST /api/predict 200 in 650ms (compile: 1650µs, render: 648ms)
 GET /api/analytics/reasons 200 in 8ms (compile: 1760µs, render: 7ms)
 GET /api/analytics/market-phases 200 in 7ms (compile: 1474µs, render: 6ms)
 GET /api/analytics/trends 200 in 6ms (compile: 1366µs, render: 5ms)
 GET /api/ops/metrics/latest 200 in 6ms (compile: 1491µs, render: 5ms)
 GET /api/ops/metrics/history 200 in 6ms (compile: 1415µs, render: 5ms)
 GET /api/hot-picks 200 in 6ms (compile: 1366µs, render: 5ms)
 POST /api/predict 200 in 1117ms (compile: 1730µs, render: 1116ms)
 POST /api/predict 200 in 1230ms (compile: 1417µs, render: 1228ms)
 GET / 200 in 26ms (compile: 2ms, render: 24ms)
 POST /api/predict 200 in 610ms (compile: 2ms, render: 608ms)
 GET /api/analytics/reasons 200 in 6ms (compile: 1349µs, render: 5ms)
 GET /api/analytics/market-phases 200 in 9ms (compile: 1639µs, render: 8ms)
 GET /api/analytics/trends 200 in 7ms (compile: 1632µs, render: 5ms)
 GET /api/ops/metrics/latest 200 in 6ms (compile: 1622µs, render: 4ms)
 GET /api/ops/metrics/history 200 in 7ms (compile: 1904µs, render: 5ms)
 GET /api/hot-picks 200 in 6ms (compile: 1241µs, render: 4ms)
 POST /api/predict 200 in 973ms (compile: 1489µs, render: 971ms)
 POST /api/predict 200 in 1033ms (compile: 1665µs, render: 1032ms)
 POST /api/predict 200 in 1358ms (compile: 1418µs, render: 1357ms)
 POST /api/predict 200 in 740ms (compile: 1575µs, render: 738ms)
 POST /api/predict 200 in 1140ms (compile: 1476µs, render: 1138ms)
 POST /api/predict 200 in 1032ms (compile: 1550µs, render: 1031ms)
 POST /api/predict 200 in 1522ms (compile: 1979µs, render: 1520ms)
[?25h
