
> japan-stock-prophet@0.1.0 dev
> next dev

▲ Next.js 16.1.5 (Turbopack)
- Local:         http://localhost:3000
- Network:       http://192.168.0.26:3000
- Environments: .env.local

✓ Starting...
✓ Ready in 904ms
 POST /api/predict 200 in 518ms (compile: 218ms, render: 300ms)
 GET / 200 in 515ms (compile: 325ms, render: 191ms)
 GET /api/hot-picks 200 in 1475ms (compile: 31ms, render: 1443ms)
 POST /api/predict 200 in 1481ms (compile: 5ms, render: 1476ms)
 GET / 200 in 21ms (compile: 3ms, render: 18ms)
 POST /api/predict 200 in 535ms (compile: 2ms, render: 533ms)
 POST /api/predict 200 in 1357ms (compile: 2ms, render: 1355ms)
 POST /api/predict 200 in 855ms (compile: 1690µs, render: 853ms)
 GET / 200 in 30ms (compile: 4ms, render: 25ms)
 GET /api/hot-picks 200 in 1065ms (compile: 7ms, render: 1057ms)
 POST /api/predict 200 in 1069ms (compile: 3ms, render: 1066ms)
 POST /api/predict 200 in 1091ms (compile: 3ms, render: 1088ms)
 GET /api/hot-picks 200 in 23ms (compile: 17ms, render: 5ms)
 POST /api/predict 200 in 25ms (compile: 11ms, render: 13ms)
 GET / 200 in 79ms (compile: 4ms, render: 75ms)
 GET /api/hot-picks 200 in 1028ms (compile: 8ms, render: 1020ms)
 POST /api/predict 200 in 1031ms (compile: 3ms, render: 1028ms)
 GET / 200 in 26ms (compile: 3ms, render: 23ms)
 GET /api/hot-picks 200 in 12ms (compile: 6ms, render: 7ms)
 POST /api/predict 200 in 520ms (compile: 1542µs, render: 519ms)
 POST /api/predict 200 in 611ms (compile: 2ms, render: 609ms)
 GET / 200 in 28ms (compile: 3ms, render: 25ms)
 GET /api/hot-picks 200 in 1505ms (compile: 7ms, render: 1498ms)
 POST /api/predict 200 in 1507ms (compile: 2ms, render: 1505ms)
 POST /api/predict 200 in 951ms (compile: 2ms, render: 949ms)
 POST /api/predict 200 in 1116ms (compile: 1596µs, render: 1114ms)
 POST /api/predict 200 in 1338ms (compile: 1783µs, render: 1337ms)
 GET / 200 in 42ms (compile: 5ms, render: 37ms)
 GET /api/hot-picks 200 in 790ms (compile: 11ms, render: 779ms)
 POST /api/predict 200 in 793ms (compile: 4ms, render: 789ms)
 POST /api/predict 200 in 1024ms (compile: 1415µs, render: 1023ms)
 POST /api/predict 200 in 989ms (compile: 2ms, render: 987ms)
 POST /api/predict 200 in 937ms (compile: 1624µs, render: 936ms)
 GET /api/hot-picks 200 in 1066ms (compile: 8ms, render: 1058ms)
 POST /api/predict 200 in 1069ms (compile: 4ms, render: 1065ms)
 POST /api/predict 200 in 502ms (compile: 3ms, render: 499ms)
 POST /api/predict 200 in 751ms (compile: 1619µs, render: 750ms)
 POST /api/predict 200 in 1076ms (compile: 1587µs, render: 1074ms)
 POST /api/predict 200 in 711ms (compile: 1426µs, render: 709ms)
 POST /api/predict 200 in 2.0s (compile: 3ms, render: 2.0s)
 GET /api/hot-picks 200 in 2.4s (compile: 6ms, render: 2.4s)
 GET /api/hot-picks 200 in 30ms (compile: 2ms, render: 28ms)
 POST /api/predict 200 in 2.1s (compile: 3ms, render: 2.1s)
 POST /api/predict 200 in 904ms (compile: 1558µs, render: 902ms)
 POST /api/predict 200 in 1098ms (compile: 1430µs, render: 1096ms)
 POST /api/predict 200 in 764ms (compile: 1561µs, render: 762ms)
 POST /api/predict 200 in 1070ms (compile: 1885µs, render: 1068ms)
 POST /api/predict 200 in 749ms (compile: 1727µs, render: 747ms)
 POST /api/predict 200 in 1007ms (compile: 2ms, render: 1005ms)
 POST /api/predict 200 in 672ms (compile: 1415µs, render: 670ms)
 POST /api/predict 200 in 1198ms (compile: 1622µs, render: 1196ms)
 POST /api/predict 200 in 634ms (compile: 1516µs, render: 633ms)
 POST /api/predict 200 in 1227ms (compile: 1570µs, render: 1225ms)
 POST /api/predict 200 in 483ms (compile: 1770µs, render: 481ms)
 POST /api/predict 200 in 1142ms (compile: 1497µs, render: 1141ms)
 POST /api/predict 200 in 537ms (compile: 1975µs, render: 535ms)
 POST /api/predict 200 in 1263ms (compile: 3ms, render: 1260ms)
 POST /api/predict 200 in 793ms (compile: 1356µs, render: 792ms)
 POST /api/predict 200 in 1132ms (compile: 2ms, render: 1130ms)
 POST /api/predict 200 in 997ms (compile: 1600µs, render: 996ms)
 POST /api/predict 200 in 1300ms (compile: 3ms, render: 1297ms)
 POST /api/predict 200 in 1403ms (compile: 1511µs, render: 1402ms)
 GET / 200 in 110ms (compile: 83ms, render: 27ms)
✓ Compiled in 12ms
 GET /api/hot-picks 200 in 15ms (compile: 10ms, render: 5ms)
 POST /api/predict 200 in 16ms (compile: 4ms, render: 12ms)
 GET / 200 in 216ms (compile: 66ms, render: 149ms)
 GET /api/hot-picks 200 in 1801ms (compile: 7ms, render: 1795ms)
 POST /api/predict 200 in 1805ms (compile: 4ms, render: 1801ms)
[?25h
