
> japan-stock-prophet@0.1.0 dev
> next dev

▲ Next.js 16.1.5 (Turbopack)
- Local:         http://localhost:3000
- Network:       http://192.168.0.26:3000
- Environments: .env.local

✓ Starting...
✓ Ready in 910ms
 GET / 200 in 539ms (compile: 339ms, render: 200ms)
 GET / 200 in 30ms (compile: 4ms, render: 26ms)
 POST /api/predict 200 in 706ms (compile: 1544µs, render: 705ms)
 GET /api/hot-picks 200 in 3.3s (compile: 84ms, render: 3.3s)
 POST /api/predict 200 in 3.7s (compile: 49ms, render: 3.7s)
 POST /api/predict 200 in 577ms (compile: 2ms, render: 575ms)
 GET /api/analytics/reasons 200 in 43ms (compile: 32ms, render: 11ms)
 GET /api/analytics/market-phases 200 in 38ms (compile: 25ms, render: 13ms)
 GET /api/analytics/trends 200 in 49ms (compile: 40ms, render: 9ms)
 GET /api/ops/metrics/latest 200 in 41ms (compile: 34ms, render: 7ms)
 GET /api/ops/metrics/history 200 in 35ms (compile: 28ms, render: 7ms)
 GET /api/hot-picks 200 in 8ms (compile: 1488µs, render: 6ms)
 POST /api/predict 200 in 1329ms (compile: 1625µs, render: 1327ms)
 POST /api/predict 200 in 1621ms (compile: 2ms, render: 1619ms)
 POST /api/predict 200 in 885ms (compile: 1678µs, render: 883ms)
 POST /api/predict 200 in 1281ms (compile: 1632µs, render: 1280ms)
 POST /api/predict 200 in 1111ms (compile: 1591µs, render: 1109ms)
 POST /api/predict 200 in 1055ms (compile: 1455µs, render: 1054ms)
 POST /api/predict 200 in 1372ms (compile: 1643µs, render: 1370ms)
 POST /api/predict 200 in 760ms (compile: 4ms, render: 756ms)
 GET / 200 in 29ms (compile: 3ms, render: 26ms)
 POST /api/predict 200 in 928ms (compile: 2ms, render: 926ms)
 GET /api/hot-picks 200 in 931ms (compile: 6ms, render: 925ms)
 POST /api/predict 200 in 1261ms (compile: 1426µs, render: 1260ms)
 POST /api/predict 200 in 725ms (compile: 1332µs, render: 724ms)
 POST /api/predict 200 in 1156ms (compile: 1330µs, render: 1155ms)
 POST /api/predict 200 in 915ms (compile: 1554µs, render: 914ms)
 POST /api/predict 200 in 1210ms (compile: 1473µs, render: 1209ms)
 POST /api/predict 200 in 876ms (compile: 1914µs, render: 874ms)
 POST /api/predict 200 in 1270ms (compile: 2ms, render: 1268ms)
 GET / 200 in 96ms (compile: 76ms, render: 20ms)
 GET /api/hot-picks 200 in 1229ms (compile: 7ms, render: 1222ms)
 POST /api/predict 200 in 1232ms (compile: 3ms, render: 1229ms)
 POST /api/predict 200 in 1474ms (compile: 1621µs, render: 1473ms)
 POST /api/predict 200 in 1079ms (compile: 1341µs, render: 1078ms)
 POST /api/predict 200 in 964ms (compile: 3ms, render: 962ms)
 POST /api/predict 200 in 1082ms (compile: 1556µs, render: 1081ms)
 POST /api/predict 200 in 1140ms (compile: 1578µs, render: 1138ms)
✓ Compiled in 13ms
 POST /api/predict 200 in 729ms (compile: 3ms, render: 726ms)
 GET /api/hot-picks 200 in 730ms (compile: 7ms, render: 723ms)
[?25h
