**********************
Windows PowerShell トランスクリプト開始
開始時刻: 20260209114124
ユーザー名: EVER-AI\Ebarai
RunAs ユーザー: EVER-AI\Ebarai
構成名: 
コンピューター: EVER-AI (Microsoft Windows NT 10.0.22631.0)
ホスト アプリケーション: powershell -ExecutionPolicy Bypass -File ./scripts/smoke.ps1
プロセス ID: 360
PSVersion: 5.1.22621.6133
PSEdition: Desktop
PSCompatibleVersions: 1.0, 2.0, 3.0, 4.0, 5.0, 5.1.22621.6133
BuildVersion: 10.0.22621.6133
CLRVersion: 4.0.30319.42000
WSManStackVersion: 3.0
PSRemotingProtocolVersion: 2.3
SerializationVersion: 1.1.0.1
**********************
トランスクリプトが開始されました。出力ファイル: C:\Users\BRB33\OneDrive\Desktop\Antigravity\japan-stock-prophet\scripts/../logs/smoke_20260209_114124.log
--- Starting Smoke Test & Freshness Check (Japan Stock Prophet) ---
Checking http://localhost:8000/health...
PS>終了エラー(Invoke-RestMethod): "リモート サーバーに接続できません。"
 [FAIL]
 Error: リモート サーバーに接続できません。
Checking http://localhost:8000/api/scoring?ticker=7203...
PS>終了エラー(Invoke-RestMethod): "リモート サーバーに接続できません。"
 [FAIL]
 Error: リモート サーバーに接続できません。
Checking http://localhost:8000/api/review?from=2026-02-02&to=2026-02-09...
PS>終了エラー(Invoke-RestMethod): "リモート サーバーに接続できません。"
 [FAIL]
 Error: リモート サーバーに接続できません。
Checking http://localhost:8000/api/macro_snapshot?asof=2026-02-09...
PS>終了エラー(Invoke-RestMethod): "リモート サーバーに接続できません。"
 [FAIL]
 Error: リモート サーバーに接続できません。

RESULT: STALE
FAIL_REASON: Data is too old or connectivity failed.
**********************
Windows PowerShell トランスクリプト終了
終了時刻: 20260209114141
**********************
