**********************
Windows PowerShell トランスクリプト開始
開始時刻: 20260209111517
ユーザー名: EVER-AI\Ebarai
RunAs ユーザー: EVER-AI\Ebarai
構成名: 
コンピューター: EVER-AI (Microsoft Windows NT 10.0.22631.0)
ホスト アプリケーション: powershell -ExecutionPolicy Bypass -File ./scripts/up.ps1
プロセス ID: 5280
PSVersion: 5.1.22621.6133
PSEdition: Desktop
PSCompatibleVersions: 1.0, 2.0, 3.0, 4.0, 5.0, 5.1.22621.6133
BuildVersion: 10.0.22621.6133
CLRVersion: 4.0.30319.42000
WSManStackVersion: 3.0
PSRemotingProtocolVersion: 2.3
SerializationVersion: 1.1.0.1
**********************
トランスクリプトが開始されました。出力ファイル: C:\Users\BRB33\OneDrive\Desktop\Antigravity\japan-stock-prophet\scripts/../logs/up_20260209_111517.log
PS>終了エラー(Out-File): "別のプロセスで使用されているため、プロセスはファイル 'C:\Users\BRB33\OneDrive\Desktop\Antigravity\japan-stock-prophet\logs\up_20260209_111517.log' にアクセスできません。"
>> 終了エラー(Out-File): "別のプロセスで使用されているため、プロセスはファイル 'C:\Users\BRB33\OneDrive\Desktop\Antigravity\japan-stock-prophet\logs\up_20260209_111517.log' にアクセスできません。"
>> 終了エラー(Out-File): "別のプロセスで使用されているため、プロセスはファイル 'C:\Users\BRB33\OneDrive\Desktop\Antigravity\japan-stock-prophet\logs\up_20260209_111517.log' にアクセスできません。"
>> 終了エラー(Out-File): "別のプロセスで使用されているため、プロセスはファイル 'C:\Users\BRB33\OneDrive\Desktop\Antigravity\japan-stock-prophet\logs\up_20260209_111517.log' にアクセスできません。"
**********************
Windows PowerShell トランスクリプト終了
終了時刻: 20260209111517
**********************
