**********************
Windows PowerShell トランスクリプト開始
開始時刻: 20260226072914
ユーザー名: EVER-AI\Ebarai
RunAs ユーザー: EVER-AI\Ebarai
構成名: 
コンピューター: EVER-AI (Microsoft Windows NT 10.0.26200.0)
ホスト アプリケーション: C:\Windows\System32\WindowsPowerShell\v1.0\powershell.exe -WindowStyle Hidden -ExecutionPolicy Bypass -File C:\Users\BRB33\OneDrive\Desktop\Antigravity\japan-stock-prophet\scripts\up.ps1
プロセス ID: 15344
PSVersion: 5.1.26100.7705
PSEdition: Desktop
PSCompatibleVersions: 1.0, 2.0, 3.0, 4.0, 5.0, 5.1.26100.7705
BuildVersion: 10.0.26100.7705
CLRVersion: 4.0.30319.42000
WSManStackVersion: 3.0
PSRemotingProtocolVersion: 2.3
SerializationVersion: 1.1.0.1
**********************
トランスクリプトが開始されました。出力ファイル: C:\Users\BRB33\OneDrive\Desktop\Antigravity\japan-stock-prophet\scripts/../logs/up_20260226_072914.log
[20260226_072914] === Japan Stock Prophet: Automated Startup (npm run up) ===
[20260226_072914] 0. Cleaning up previous state...
[20260226_072914] 1. Starting Backend & Waiting for Health Check...
PS>終了エラー(Invoke-RestMethod): "処理がタイムアウトになりました。"
.
PS>終了エラー(Invoke-RestMethod): "処理がタイムアウトになりました。"
.
PS>終了エラー(Invoke-RestMethod): "処理がタイムアウトになりました。"
.
PS>終了エラー(Invoke-RestMethod): "処理がタイムアウトになりました。"
.
PS>終了エラー(Invoke-RestMethod): "処理がタイムアウトになりました。"
.
[20260226_072914] 
ERROR: Backend process exited prematurely with code 1.
[20260226_072914] Please check the log: C:\Users\BRB33\OneDrive\Desktop\Antigravity\japan-stock-prophet\scripts/../logs/backend_startup_20260226_072914.log
[20260226_072914] 
!!! STARTUP FAILED !!!
[20260226_072914] FAILED_STEP: BACKEND_HEALTH
[20260226_072914] ERROR_MSG: BACKEND_CRASHED: Exit code 1. See C:\Users\BRB33\OneDrive\Desktop\Antigravity\japan-stock-prophet\scripts/../logs/backend_startup_20260226_072914.log for details.
[20260226_072914] 
[CLEANUP] Ensuring all processes are stopped...
[20260226_072914] 
--- NEXT ACTIONS ---
[20260226_072914] 1. Run: npm run down
[20260226_072914] 2. Run: npm run up
[20260226_072914] 3. Run: npm run diagnosis
[20260226_072914] LOG FILE: C:\Users\BRB33\OneDrive\Desktop\Antigravity\japan-stock-prophet\scripts/../logs/up_20260226_072914.log
**********************
Windows PowerShell トランスクリプト終了
終了時刻: 20260226072943
**********************
