**********************
Windows PowerShell トランスクリプト開始
開始時刻: 20260211144851
ユーザー名: EVER-AI\Ebarai
RunAs ユーザー: EVER-AI\Ebarai
構成名: 
コンピューター: EVER-AI (Microsoft Windows NT 10.0.22631.0)
ホスト アプリケーション: C:\Windows\System32\WindowsPowerShell\v1.0\powershell.exe -WindowStyle Hidden -ExecutionPolicy Bypass -File C:\Users\BRB33\OneDrive\Desktop\Antigravity\japan-stock-prophet\scripts\up.ps1
プロセス ID: 22588
PSVersion: 5.1.22621.6133
PSEdition: Desktop
PSCompatibleVersions: 1.0, 2.0, 3.0, 4.0, 5.0, 5.1.22621.6133
BuildVersion: 10.0.22621.6133
CLRVersion: 4.0.30319.42000
WSManStackVersion: 3.0
PSRemotingProtocolVersion: 2.3
SerializationVersion: 1.1.0.1
**********************
トランスクリプトが開始されました。出力ファイル: C:\Users\BRB33\OneDrive\Desktop\Antigravity\japan-stock-prophet\scripts/../logs/up_20260211_144851.log
[20260211_144851] === Japan Stock Prophet: Automated Startup (npm run up) ===
[20260211_144851] 0. Cleaning up previous state...
[20260211_144851] 1. Starting Backend & Waiting for Health Check...
PS>終了エラー(Invoke-RestMethod): "処理がタイムアウトになりました。"
.
[20260211_144851] 
Backend is READY (Port 8000).
[20260211_144851] 2. Building Frontend...

[20260211_144851] 
!!! STARTUP FAILED !!!
[20260211_144851] FAILED_STEP: FRONTEND_BUILD
[20260211_144851] ERROR_MSG: FRONTEND_BUILD_FAILED
[20260211_144851] 
[CLEANUP] Ensuring all processes are stopped...
[20260211_144851] 
--- NEXT ACTIONS ---
[20260211_144851] 1. Run: npm run down
[20260211_144851] 2. Run: npm run up
[20260211_144851] 3. Run: npm run diagnosis
[20260211_144851] LOG FILE: C:\Users\BRB33\OneDrive\Desktop\Antigravity\japan-stock-prophet\scripts/../logs/up_20260211_144851.log
**********************
Windows PowerShell トランスクリプト終了
終了時刻: 20260211144908
**********************
